<?xml version="1.0" encoding="UTF-8"?>
<testsuite name="hu.sonrisa.interview.NumberLowerOrEqualServiceTest" tests="12" skipped="0" failures="0" errors="0" timestamp="2022-06-08T17:33:57" hostname="Bryces-MacBook-Pro.local" time="0.984">
  <properties/>
  <testcase name="test001IllegalNumberArgument" classname="hu.sonrisa.interview.NumberLowerOrEqualServiceTest" time="0.036"/>
  <testcase name="test002IllegalThresholdArgument" classname="hu.sonrisa.interview.NumberLowerOrEqualServiceTest" time="0.001"/>
  <testcase name="test003SimpleOrderedInput" classname="hu.sonrisa.interview.NumberLowerOrEqualServiceTest" time="0.084"/>
  <testcase name="test004SimpleUnorderedInput" classname="hu.sonrisa.interview.NumberLowerOrEqualServiceTest" time="0.001"/>
  <testcase name="test010EmptyNumberList" classname="hu.sonrisa.interview.NumberLowerOrEqualServiceTest" time="0.001"/>
  <testcase name="test011EmptyThresholdList" classname="hu.sonrisa.interview.NumberLowerOrEqualServiceTest" time="0.003"/>
  <testcase name="test012Boundaries" classname="hu.sonrisa.interview.NumberLowerOrEqualServiceTest" time="0.019"/>
  <testcase name="test013InputWithRepetition" classname="hu.sonrisa.interview.NumberLowerOrEqualServiceTest" time="0.007"/>
  <testcase name="test014InputWithNegativeNumbers" classname="hu.sonrisa.interview.NumberLowerOrEqualServiceTest" time="0.002"/>
  <testcase name="test015InputWithZero" classname="hu.sonrisa.interview.NumberLowerOrEqualServiceTest" time="0.023"/>
  <testcase name="test100LargeInput" classname="hu.sonrisa.interview.NumberLowerOrEqualServiceTest" time="0.148"/>
  <testcase name="test101LargeRandomInput" classname="hu.sonrisa.interview.NumberLowerOrEqualServiceTest" time="0.615"/>
  <system-out><![CDATA[11:33:45.610 [Test worker] DEBUG org.springframework.test.context.junit4.SpringJUnit4ClassRunner - SpringJUnit4ClassRunner constructor called with [class hu.sonrisa.interview.NumberLowerOrEqualServiceTest]
11:33:45.616 [Test worker] DEBUG org.springframework.test.context.BootstrapUtils - Instantiating CacheAwareContextLoaderDelegate from class [org.springframework.test.context.cache.DefaultCacheAwareContextLoaderDelegate]
11:33:45.625 [Test worker] DEBUG org.springframework.test.context.BootstrapUtils - Instantiating BootstrapContext using constructor [public org.springframework.test.context.support.DefaultBootstrapContext(java.lang.Class,org.springframework.test.context.CacheAwareContextLoaderDelegate)]
11:33:45.648 [Test worker] DEBUG org.springframework.test.context.BootstrapUtils - Instantiating TestContextBootstrapper for test class [hu.sonrisa.interview.NumberLowerOrEqualServiceTest] from class [org.springframework.boot.test.context.SpringBootTestContextBootstrapper]
11:33:45.670 [Test worker] INFO org.springframework.boot.test.context.SpringBootTestContextBootstrapper - Neither @ContextConfiguration nor @ContextHierarchy found for test class [hu.sonrisa.interview.NumberLowerOrEqualServiceTest], using SpringBootContextLoader
11:33:45.674 [Test worker] DEBUG org.springframework.test.context.support.AbstractContextLoader - Did not detect default resource location for test class [hu.sonrisa.interview.NumberLowerOrEqualServiceTest]: class path resource [hu/sonrisa/interview/NumberLowerOrEqualServiceTest-context.xml] does not exist
11:33:45.675 [Test worker] DEBUG org.springframework.test.context.support.AbstractContextLoader - Did not detect default resource location for test class [hu.sonrisa.interview.NumberLowerOrEqualServiceTest]: class path resource [hu/sonrisa/interview/NumberLowerOrEqualServiceTestContext.groovy] does not exist
11:33:45.675 [Test worker] INFO org.springframework.test.context.support.AbstractContextLoader - Could not detect default resource locations for test class [hu.sonrisa.interview.NumberLowerOrEqualServiceTest]: no resource found for suffixes {-context.xml, Context.groovy}.
11:33:45.676 [Test worker] INFO org.springframework.test.context.support.AnnotationConfigContextLoaderUtils - Could not detect default configuration classes for test class [hu.sonrisa.interview.NumberLowerOrEqualServiceTest]: NumberLowerOrEqualServiceTest does not declare any static, non-private, non-final, nested classes annotated with @Configuration.
11:33:45.723 [Test worker] DEBUG org.springframework.test.context.support.ActiveProfilesUtils - Could not find an 'annotation declaring class' for annotation type [org.springframework.test.context.ActiveProfiles] and class [hu.sonrisa.interview.NumberLowerOrEqualServiceTest]
11:33:45.736 [Test worker] DEBUG org.springframework.core.env.StandardEnvironment - Adding [systemProperties] PropertySource with lowest search precedence
11:33:45.737 [Test worker] DEBUG org.springframework.core.env.StandardEnvironment - Adding [systemEnvironment] PropertySource with lowest search precedence
11:33:45.737 [Test worker] DEBUG org.springframework.core.env.StandardEnvironment - Initialized StandardEnvironment with PropertySources [systemProperties,systemEnvironment]
11:33:45.752 [Test worker] DEBUG org.springframework.core.io.support.PathMatchingResourcePatternResolver - Resolved classpath location [hu/sonrisa/interview/] to resources [URL [file:/Users/brycemccall/Downloads/lower-or-equal-list/build/classes/test/hu/sonrisa/interview/], URL [file:/Users/brycemccall/Downloads/lower-or-equal-list/build/classes/main/hu/sonrisa/interview/]]
11:33:45.753 [Test worker] DEBUG org.springframework.core.io.support.PathMatchingResourcePatternResolver - Looking for matching resources in directory tree [/Users/brycemccall/Downloads/lower-or-equal-list/build/classes/test/hu/sonrisa/interview]
11:33:45.753 [Test worker] DEBUG org.springframework.core.io.support.PathMatchingResourcePatternResolver - Searching directory [/Users/brycemccall/Downloads/lower-or-equal-list/build/classes/test/hu/sonrisa/interview] for files matching pattern [/Users/brycemccall/Downloads/lower-or-equal-list/build/classes/test/hu/sonrisa/interview/*.class]
11:33:45.756 [Test worker] DEBUG org.springframework.core.io.support.PathMatchingResourcePatternResolver - Looking for matching resources in directory tree [/Users/brycemccall/Downloads/lower-or-equal-list/build/classes/main/hu/sonrisa/interview]
11:33:45.756 [Test worker] DEBUG org.springframework.core.io.support.PathMatchingResourcePatternResolver - Searching directory [/Users/brycemccall/Downloads/lower-or-equal-list/build/classes/main/hu/sonrisa/interview] for files matching pattern [/Users/brycemccall/Downloads/lower-or-equal-list/build/classes/main/hu/sonrisa/interview/*.class]
11:33:45.757 [Test worker] DEBUG org.springframework.core.io.support.PathMatchingResourcePatternResolver - Resolved location pattern [classpath*:hu/sonrisa/interview/*.class] to resources [file [/Users/brycemccall/Downloads/lower-or-equal-list/build/classes/test/hu/sonrisa/interview/NumberLowerOrEqualServiceTest.class], file [/Users/brycemccall/Downloads/lower-or-equal-list/build/classes/main/hu/sonrisa/interview/App.class], file [/Users/brycemccall/Downloads/lower-or-equal-list/build/classes/main/hu/sonrisa/interview/NumberLowerOrEqualService.class], file [/Users/brycemccall/Downloads/lower-or-equal-list/build/classes/main/hu/sonrisa/interview/NumberLowerOrEqualServiceImpl.class]]
11:33:45.821 [Test worker] DEBUG org.springframework.context.annotation.ClassPathScanningCandidateComponentProvider - Identified candidate component class: file [/Users/brycemccall/Downloads/lower-or-equal-list/build/classes/main/hu/sonrisa/interview/App.class]
11:33:45.824 [Test worker] INFO org.springframework.boot.test.context.SpringBootTestContextBootstrapper - Found @SpringBootConfiguration hu.sonrisa.interview.App for test class hu.sonrisa.interview.NumberLowerOrEqualServiceTest
11:33:45.827 [Test worker] DEBUG org.springframework.boot.test.context.SpringBootTestContextBootstrapper - @TestExecutionListeners is not present for class [hu.sonrisa.interview.NumberLowerOrEqualServiceTest]: using defaults.
11:33:45.830 [Test worker] INFO org.springframework.boot.test.context.SpringBootTestContextBootstrapper - Loaded default TestExecutionListener class names from location [META-INF/spring.factories]: [org.springframework.boot.test.mock.mockito.MockitoTestExecutionListener, org.springframework.boot.test.mock.mockito.ResetMocksTestExecutionListener, org.springframework.boot.test.autoconfigure.restdocs.RestDocsTestExecutionListener, org.springframework.boot.test.autoconfigure.web.client.MockRestServiceServerResetTestExecutionListener, org.springframework.boot.test.autoconfigure.web.servlet.MockMvcPrintOnlyOnFailureTestExecutionListener, org.springframework.boot.test.autoconfigure.web.servlet.WebDriverTestExecutionListener, org.springframework.test.context.web.ServletTestExecutionListener, org.springframework.test.context.support.DirtiesContextBeforeModesTestExecutionListener, org.springframework.test.context.support.DependencyInjectionTestExecutionListener, org.springframework.test.context.support.DirtiesContextTestExecutionListener, org.springframework.test.context.transaction.TransactionalTestExecutionListener, org.springframework.test.context.jdbc.SqlScriptsTestExecutionListener]
11:33:45.839 [Test worker] INFO org.springframework.boot.test.context.SpringBootTestContextBootstrapper - Could not instantiate TestExecutionListener [org.springframework.test.context.web.ServletTestExecutionListener]. Specify custom listener classes or make the default listener classes (and their required dependencies) available. Offending class: [javax/servlet/ServletContext]
11:33:45.844 [Test worker] INFO org.springframework.boot.test.context.SpringBootTestContextBootstrapper - Could not instantiate TestExecutionListener [org.springframework.test.context.jdbc.SqlScriptsTestExecutionListener]. Specify custom listener classes or make the default listener classes (and their required dependencies) available. Offending class: [org/springframework/transaction/interceptor/TransactionAttribute]
11:33:45.845 [Test worker] INFO org.springframework.boot.test.context.SpringBootTestContextBootstrapper - Could not instantiate TestExecutionListener [org.springframework.test.context.transaction.TransactionalTestExecutionListener]. Specify custom listener classes or make the default listener classes (and their required dependencies) available. Offending class: [org/springframework/transaction/TransactionDefinition]
11:33:45.846 [Test worker] INFO org.springframework.boot.test.context.SpringBootTestContextBootstrapper - Using TestExecutionListeners: [org.springframework.test.context.support.DirtiesContextBeforeModesTestExecutionListener@504ae641, org.springframework.boot.test.autoconfigure.SpringBootDependencyInjectionTestExecutionListener@4b900c4d, org.springframework.test.context.support.DirtiesContextTestExecutionListener@c3d9a2f, org.springframework.boot.test.mock.mockito.MockitoTestExecutionListener@69aa7f57, org.springframework.boot.test.autoconfigure.restdocs.RestDocsTestExecutionListener@6ed5f4cd, org.springframework.boot.test.autoconfigure.web.client.MockRestServiceServerResetTestExecutionListener@256c7f3e, org.springframework.boot.test.mock.mockito.ResetMocksTestExecutionListener@4560655e, org.springframework.boot.test.autoconfigure.web.servlet.WebDriverTestExecutionListener@7f8afa62, org.springframework.boot.test.autoconfigure.web.servlet.MockMvcPrintOnlyOnFailureTestExecutionListener@3eb80ac2]
11:33:45.863 [Test worker] DEBUG org.springframework.test.annotation.ProfileValueUtils - Retrieved @ProfileValueSourceConfiguration [null] for test class [hu.sonrisa.interview.NumberLowerOrEqualServiceTest]
11:33:45.864 [Test worker] DEBUG org.springframework.test.annotation.ProfileValueUtils - Retrieved ProfileValueSource type [class org.springframework.test.annotation.SystemProfileValueSource] for class [hu.sonrisa.interview.NumberLowerOrEqualServiceTest]
11:33:45.867 [Test worker] DEBUG org.springframework.test.annotation.ProfileValueUtils - Retrieved @ProfileValueSourceConfiguration [null] for test class [hu.sonrisa.interview.NumberLowerOrEqualServiceTest]
11:33:45.868 [Test worker] DEBUG org.springframework.test.annotation.ProfileValueUtils - Retrieved ProfileValueSource type [class org.springframework.test.annotation.SystemProfileValueSource] for class [hu.sonrisa.interview.NumberLowerOrEqualServiceTest]
11:33:45.869 [Test worker] DEBUG org.springframework.test.annotation.ProfileValueUtils - Retrieved @ProfileValueSourceConfiguration [null] for test class [hu.sonrisa.interview.NumberLowerOrEqualServiceTest]
11:33:45.869 [Test worker] DEBUG org.springframework.test.annotation.ProfileValueUtils - Retrieved ProfileValueSource type [class org.springframework.test.annotation.SystemProfileValueSource] for class [hu.sonrisa.interview.NumberLowerOrEqualServiceTest]
11:33:45.875 [Test worker] DEBUG org.springframework.test.context.support.AbstractDirtiesContextTestExecutionListener - Before test class: context [DefaultTestContext@602754c9 testClass = NumberLowerOrEqualServiceTest, testInstance = [null], testMethod = [null], testException = [null], mergedContextConfiguration = [MergedContextConfiguration@1b48b9f3 testClass = NumberLowerOrEqualServiceTest, locations = '{}', classes = '{class hu.sonrisa.interview.App}', contextInitializerClasses = '[]', activeProfiles = '{}', propertySourceLocations = '{}', propertySourceProperties = '{org.springframework.boot.test.context.SpringBootTestContextBootstrapper=true}', contextCustomizers = set[org.springframework.boot.test.context.SpringBootTestContextCustomizer@3c00201d, org.springframework.boot.test.context.filter.ExcludeFilterContextCustomizer@763eecc2, org.springframework.boot.test.json.DuplicateJsonObjectContextCustomizerFactory$DuplicateJsonObjectContextCustomizer@89a4145, org.springframework.boot.test.mock.mockito.MockitoContextCustomizer@0, org.springframework.boot.test.autoconfigure.properties.PropertyMappingContextCustomizer@0, org.springframework.boot.test.autoconfigure.web.servlet.WebDriverContextCustomizerFactory$Customizer@25b2abc0], contextLoader = 'org.springframework.boot.test.context.SpringBootContextLoader', parent = [null]]], class annotated with @DirtiesContext [false] with mode [null].
11:33:46.087 [Test worker] DEBUG org.springframework.test.annotation.ProfileValueUtils - Retrieved @ProfileValueSourceConfiguration [null] for test class [hu.sonrisa.interview.NumberLowerOrEqualServiceTest]
11:33:46.088 [Test worker] DEBUG org.springframework.test.annotation.ProfileValueUtils - Retrieved ProfileValueSource type [class org.springframework.test.annotation.SystemProfileValueSource] for class [hu.sonrisa.interview.NumberLowerOrEqualServiceTest]
11:33:46.089 [Test worker] DEBUG org.springframework.test.context.support.DependencyInjectionTestExecutionListener - Performing dependency injection for test context [[DefaultTestContext@602754c9 testClass = NumberLowerOrEqualServiceTest, testInstance = hu.sonrisa.interview.NumberLowerOrEqualServiceTest@1e94832, testMethod = [null], testException = [null], mergedContextConfiguration = [MergedContextConfiguration@1b48b9f3 testClass = NumberLowerOrEqualServiceTest, locations = '{}', classes = '{class hu.sonrisa.interview.App}', contextInitializerClasses = '[]', activeProfiles = '{}', propertySourceLocations = '{}', propertySourceProperties = '{org.springframework.boot.test.context.SpringBootTestContextBootstrapper=true}', contextCustomizers = set[org.springframework.boot.test.context.SpringBootTestContextCustomizer@3c00201d, org.springframework.boot.test.context.filter.ExcludeFilterContextCustomizer@763eecc2, org.springframework.boot.test.json.DuplicateJsonObjectContextCustomizerFactory$DuplicateJsonObjectContextCustomizer@89a4145, org.springframework.boot.test.mock.mockito.MockitoContextCustomizer@0, org.springframework.boot.test.autoconfigure.properties.PropertyMappingContextCustomizer@0, org.springframework.boot.test.autoconfigure.web.servlet.WebDriverContextCustomizerFactory$Customizer@25b2abc0], contextLoader = 'org.springframework.boot.test.context.SpringBootContextLoader', parent = [null]]]].
11:33:46.161 [Test worker] DEBUG org.springframework.core.env.StandardEnvironment - Adding [systemProperties] PropertySource with lowest search precedence
11:33:46.161 [Test worker] DEBUG org.springframework.core.env.StandardEnvironment - Adding [systemEnvironment] PropertySource with lowest search precedence
11:33:46.161 [Test worker] DEBUG org.springframework.core.env.StandardEnvironment - Initialized StandardEnvironment with PropertySources [systemProperties,systemEnvironment]
11:33:46.163 [Test worker] DEBUG org.springframework.core.env.MutablePropertySources - Adding [inline] PropertySource with highest search precedence
11:33:46.170 [Test worker] DEBUG org.springframework.test.context.support.TestPropertySourceUtils - Adding inlined properties to environment: {spring.jmx.enabled=false, org.springframework.boot.test.context.SpringBootTestContextBootstrapper=true, server.port=-1}
11:33:46.170 [Test worker] DEBUG org.springframework.core.env.StandardEnvironment - Adding [Inlined Test Properties] PropertySource with highest search precedence

  .   ____          _            __ _ _
 /\\ / ___'_ __ _ _(_)_ __  __ _ \ \ \ \
( ( )\___ | '_ | '_| | '_ \/ _` | \ \ \ \
 \\/  ___)| |_)| | | | | || (_| |  ) ) ) )
  '  |____| .__|_| |_|_| |_\__, | / / / /
 =========|_|==============|___/=/_/_/_/
 :: Spring Boot ::        (v1.5.6.RELEASE)

2022-06-08 11:33:56.460  INFO 33786 --- [    Test worker] h.s.i.NumberLowerOrEqualServiceTest      : Starting NumberLowerOrEqualServiceTest on Bryces-MacBook-Pro.local with PID 33786 (started by brycemccall in /Users/brycemccall/Downloads/lower-or-equal-list)
2022-06-08 11:33:56.463  INFO 33786 --- [    Test worker] h.s.i.NumberLowerOrEqualServiceTest      : No active profile set, falling back to default profiles: default
2022-06-08 11:33:56.492  INFO 33786 --- [    Test worker] s.c.a.AnnotationConfigApplicationContext : Refreshing org.springframework.context.annotation.AnnotationConfigApplicationContext@2621895c: startup date [Wed Jun 08 11:33:56 MDT 2022]; root of context hierarchy
2022-06-08 11:33:57.046  INFO 33786 --- [    Test worker] h.s.i.NumberLowerOrEqualServiceTest      : Started NumberLowerOrEqualServiceTest in 10.871 seconds (JVM running for 12.304)
]]></system-out>
  <system-err><![CDATA[]]></system-err>
</testsuite>
